<?xml version="1.0" encoding="UTF-8"?>
<!-- Generated by org.testng.reporters.JUnitReportReporter -->
<testsuite hostname="wangsy-PC" name="com.wangsy.doTest.UserAddTest" tests="1" failures="0" timestamp="2 Dec 2016 09:12:55 GMT" time="0.285" errors="0">
  <testcase name="testUserAdd" time="0.285" classname="com.wangsy.doTest.UserAddTest"/>
</testsuite> <!-- com.wangsy.doTest.UserAddTest -->
