<?xml version="1.0" encoding="UTF-8"?>
<!-- Generated by org.testng.reporters.JUnitReportReporter -->
<testsuite hostname="wangsy-PC" name="com.wangsy.testng.LoginTest" tests="3" failures="0" timestamp="9 Aug 2016 10:39:17 GMT" time="3.986" errors="0">
  <testcase name="testLogin" time="0.734" classname="com.wangsy.testng.LoginTest"/>
  <testcase name="testLogin" time="2.476" classname="com.wangsy.testng.LoginTest"/>
  <testcase name="testLogin" time="0.776" classname="com.wangsy.testng.LoginTest"/>
</testsuite> <!-- com.wangsy.testng.LoginTest -->
