<?xml version="1.0" encoding="UTF-8"?>
<!-- Generated by org.testng.reporters.JUnitReportReporter -->
<testsuite hostname="wangsy-PC" name="com.wangsy.testng.NewTest" tests="4" failures="0" timestamp="28 Jul 2016 08:05:26 GMT" time="26.866" errors="0">
  <testcase name="TestNgLearn" time="0.005" classname="com.wangsy.testng.NewTest"/>
  <testcase name="testLogin" time="2.250" classname="com.wangsy.testng.NewTest"/>
  <testcase name="TestNgLearn1" time="0.001" classname="com.wangsy.testng.NewTest"/>
  <testcase name="testLogin" time="24.610" classname="com.wangsy.testng.NewTest"/>
</testsuite> <!-- com.wangsy.testng.NewTest -->
