<?xml version="1.0" encoding="UTF-8"?>
<!-- Generated by org.testng.reporters.JUnitReportReporter -->
<testsuite hostname="wangsy-PC" name="com.wangsy.doTest.UserDeleteTest" tests="1" failures="0" timestamp="2 Dec 2016 09:11:31 GMT" time="0.109" errors="0">
  <testcase name="testUserDelete" time="0.109" classname="com.wangsy.doTest.UserDeleteTest"/>
</testsuite> <!-- com.wangsy.doTest.UserDeleteTest -->
