<?xml version="1.0" encoding="UTF-8"?>
<!-- Generated by org.testng.reporters.JUnitReportReporter -->
<testsuite hostname="wangsy-PC" name="com.wangsy.doTest.UserAddTest" tests="1" failures="0" timestamp="25 Nov 2016 06:40:32 GMT" time="0.001" errors="0">
  <testcase name="testUserAdd" time="0.001" classname="com.wangsy.doTest.UserAddTest"/>
</testsuite> <!-- com.wangsy.doTest.UserAddTest -->
